[debug] [2022-03-31T09:15:01.465Z] ----------------------------------------------------------------------
[debug] [2022-03-31T09:15:01.466Z] Command:       C:\Program Files\nodejs\node.exe C:\Users\sensorika\AppData\Roaming\npm\node_modules\firebase-tools\lib\bin\firebase.js init
[debug] [2022-03-31T09:15:01.467Z] CLI Version:   10.5.0
[debug] [2022-03-31T09:15:01.467Z] Platform:      win32
[debug] [2022-03-31T09:15:01.467Z] Node Version:  v16.13.2
[debug] [2022-03-31T09:15:01.468Z] Time:          Thu Mar 31 2022 14:15:01 GMT+0500 (Узбекистан, стандартное время)
[debug] [2022-03-31T09:15:01.468Z] ----------------------------------------------------------------------
[debug] 
[debug] [2022-03-31T09:15:01.474Z] > command requires scopes: ["email","openid","https://www.googleapis.com/auth/cloudplatformprojects.readonly","https://www.googleapis.com/auth/firebase","https://www.googleapis.com/auth/cloud-platform"]
[debug] [2022-03-31T09:15:01.474Z] > authorizing via signed-in user (ozodbekyusupov.developer@gmail.com)
[info] 
     ######## #### ########  ######## ########     ###     ######  ########
     ##        ##  ##     ## ##       ##     ##  ##   ##  ##       ##
     ######    ##  ########  ######   ########  #########  ######  ######
     ##        ##  ##    ##  ##       ##     ## ##     ##       ## ##
     ##       #### ##     ## ######## ########  ##     ##  ######  ########

You're about to initialize a Firebase project in this directory:

  C:\Users\sensorika\Desktop\firebase-realchat

[info] 
=== Project Setup
[info] 
[info] First, let's associate this project directory with a Firebase project.
[info] You can create multiple project aliases by running firebase use --add, 
[info] but for now we'll just set up a default project.
[info] 
[debug] [2022-03-31T09:15:15.216Z] >>> [apiv2][query] GET https://firebase.googleapis.com/v1beta1/projects pageSize=100
[debug] [2022-03-31T09:15:15.935Z] <<< [apiv2][status] GET https://firebase.googleapis.com/v1beta1/projects 200
[debug] [2022-03-31T09:15:15.935Z] <<< [apiv2][body] GET https://firebase.googleapis.com/v1beta1/projects [omitted]
[info] i  Using project flutter-debt (flutter-debt) 
[info] 
=== Hosting Setup
[info] 
[info] Your public directory is the folder (relative to your project directory) that
[info] will contain Hosting assets to be uploaded with firebase deploy. If you
[info] have a build process for your assets, use your build's output directory.
[info] 
[debug] [2022-03-31T09:15:37.876Z] >>> [apiv2][query] GET https://www.gstatic.com/firebasejs/releases.json [none]
[debug] [2022-03-31T09:15:38.229Z] <<< [apiv2][status] GET https://www.gstatic.com/firebasejs/releases.json 200
[debug] [2022-03-31T09:15:38.230Z] <<< [apiv2][body] GET https://www.gstatic.com/firebasejs/releases.json {"current":{"version":"9.6.10","browserURL":"https://www.gstatic.com/firebasejs/9.6.10/firebase.js","packageURL":"https://www.gstatic.com/firebasejs/9.6.10/firebase.tgz"},"live":{"version":"9.6","browserURL":"https://www.gstatic.com/firebasejs/live/9.6/firebase.js","packageURL":"https://www.gstatic.com/firebasejs/live/9.6/firebase.tgz"},"components":{"analytics":"https://www.gstatic.com/firebasejs/9.6.10/firebase-analytics.js","app":"https://www.gstatic.com/firebasejs/9.6.10/firebase-app.js","app-check":"https://www.gstatic.com/firebasejs/9.6.10/firebase-app-check.js","auth":"https://www.gstatic.com/firebasejs/9.6.10/firebase-auth.js","auth/cordova":"https://www.gstatic.com/firebasejs/9.6.10/firebase-auth/cordova.js","auth/react-native":"https://www.gstatic.com/firebasejs/9.6.10/firebase-auth/react-native.js","functions":"https://www.gstatic.com/firebasejs/9.6.10/firebase-functions.js","firestore":"https://www.gstatic.com/firebasejs/9.6.10/firebase-firestore.js","firestore/lite":"https://www.gstatic.com/firebasejs/9.6.10/firebase-firestore/lite.js","storage":"https://www.gstatic.com/firebasejs/9.6.10/firebase-storage.js","performance":"https://www.gstatic.com/firebasejs/9.6.10/firebase-performance.js","remote-config":"https://www.gstatic.com/firebasejs/9.6.10/firebase-remote-config.js","messaging":"https://www.gstatic.com/firebasejs/9.6.10/firebase-messaging.js","messaging/sw":"https://www.gstatic.com/firebasejs/9.6.10/firebase-messaging/sw.js","database":"https://www.gstatic.com/firebasejs/9.6.10/firebase-database.js","firestore.memory":"https://www.gstatic.com/firebasejs/9.6.10/firebase-firestore.memory.js"}}
[info] +  Wrote public/index.html 
[info] 
[info] i  Didn't detect a .git folder. Assuming C:\Users\sensorika\Desktop\firebase-realchat is the project root. 
[info] i  Authorizing with GitHub to upload your service account to a GitHub repository's secrets store. 
[info] 
[info] Visit this URL on this device to log in:
[info] https://github.com/login/oauth/authorize?client_id=89cf50f02ac6aaed3484&state=151527966&redirect_uri=http%3A%2F%2Flocalhost%3A9005&scope=read%3Auser%20repo%20public_repo
[info] 
[info] Waiting for authentication...
[debug] [2022-03-31T09:15:49.716Z] >>> HTTP REQUEST POST https://github.com/login/oauth/access_token  
 {"client_id":"89cf50f02ac6aaed3484","client_secret":"3330d14abc895d9a74d5f17cd7a00711fa2c5bf0","code":"4a74ec163c79d73f3fa1","redirect_uri":"http://localhost:9005","state":"151527966"}
[debug] [2022-03-31T09:15:50.348Z] <<< HTTP RESPONSE 200 {"server":"GitHub.com","date":"Thu, 31 Mar 2022 09:15:49 GMT","content-type":"application/json; charset=utf-8","transfer-encoding":"chunked","vary":"X-PJAX, X-PJAX-Container, Accept-Encoding, Accept, X-Requested-With","permissions-policy":"interest-cohort=()","etag":"W/\"a534e8510b02eb4e599fc83b1ed4e4b5\"","cache-control":"max-age=0, private, must-revalidate","strict-transport-security":"max-age=31536000; includeSubdomains; preload","x-frame-options":"deny","x-content-type-options":"nosniff","x-xss-protection":"0","referrer-policy":"origin-when-cross-origin, strict-origin-when-cross-origin","expect-ct":"max-age=2592000, report-uri=\"https://api.github.com/_private/browser/errors\"","content-security-policy":"default-src 'none'; base-uri 'self'; block-all-mixed-content; child-src github.com/assets-cdn/worker/ gist.github.com/assets-cdn/worker/; connect-src 'self' uploads.github.com objects-origin.githubusercontent.com www.githubstatus.com collector.githubapp.com collector.github.com api.github.com github-cloud.s3.amazonaws.com github-production-repository-file-5c1aeb.s3.amazonaws.com github-production-upload-manifest-file-7fdce7.s3.amazonaws.com github-production-user-asset-6210df.s3.amazonaws.com cdn.optimizely.com logx.optimizely.com/v1/events translator.github.com wss://alive.github.com; font-src github.githubassets.com; form-action 'self' github.com gist.github.com objects-origin.githubusercontent.com; frame-ancestors 'none'; frame-src render.githubusercontent.com viewscreen.githubusercontent.com notebooks.githubusercontent.com; img-src 'self' data: github.githubassets.com identicons.github.com collector.githubapp.com collector.github.com github-cloud.s3.amazonaws.com secured-user-images.githubusercontent.com/ *.githubusercontent.com; manifest-src 'self'; media-src github.com user-images.githubusercontent.com/; script-src github.githubassets.com; style-src 'unsafe-inline' github.githubassets.com; worker-src github.com/assets-cdn/worker/ gist.github.com/assets-cdn/worker/","x-github-request-id":"E4A6:7911:A4F21E:B3184C:62457145"}
[debug] [2022-03-31T09:15:50.353Z] >>> [apiv2][query] GET https://api.github.com/user [none]
[debug] [2022-03-31T09:15:50.996Z] <<< [apiv2][status] GET https://api.github.com/user 200
[debug] [2022-03-31T09:15:50.996Z] <<< [apiv2][body] GET https://api.github.com/user {"login":"ozodbek-developer","id":83901197,"node_id":"MDQ6VXNlcjgzOTAxMTk3","avatar_url":"https://avatars.githubusercontent.com/u/83901197?v=4","gravatar_id":"","url":"https://api.github.com/users/ozodbek-developer","html_url":"https://github.com/ozodbek-developer","followers_url":"https://api.github.com/users/ozodbek-developer/followers","following_url":"https://api.github.com/users/ozodbek-developer/following{/other_user}","gists_url":"https://api.github.com/users/ozodbek-developer/gists{/gist_id}","starred_url":"https://api.github.com/users/ozodbek-developer/starred{/owner}{/repo}","subscriptions_url":"https://api.github.com/users/ozodbek-developer/subscriptions","organizations_url":"https://api.github.com/users/ozodbek-developer/orgs","repos_url":"https://api.github.com/users/ozodbek-developer/repos","events_url":"https://api.github.com/users/ozodbek-developer/events{/privacy}","received_events_url":"https://api.github.com/users/ozodbek-developer/received_events","type":"User","site_admin":false,"name":null,"company":null,"blog":"","location":null,"email":null,"hireable":null,"bio":null,"twitter_username":null,"public_repos":9,"public_gists":0,"followers":0,"following":1,"created_at":"2021-05-09T07:46:17Z","updated_at":"2022-01-24T04:07:39Z","private_gists":0,"total_private_repos":1,"owned_private_repos":1,"disk_usage":15383,"collaborators":0,"two_factor_authentication":false,"plan":{"name":"free","space":976562499,"collaborators":0,"private_repos":10000}}
[info] 
[info] +  Success! Logged into GitHub as ozodbek-developer 
[info] 
[debug] [2022-03-31T09:16:15.964Z] >>> [apiv2][query] GET https://api.github.com/repos/ozodbek-developer/firebase-realchat/actions/secrets/public-key type=owner
[debug] [2022-03-31T09:16:16.420Z] <<< [apiv2][status] GET https://api.github.com/repos/ozodbek-developer/firebase-realchat/actions/secrets/public-key 404
[debug] [2022-03-31T09:16:16.420Z] <<< [apiv2][body] GET https://api.github.com/repos/ozodbek-developer/firebase-realchat/actions/secrets/public-key {"message":"Not Found","documentation_url":"https://docs.github.com/rest/reference/actions#get-a-repository-public-key"}
[debug] [2022-03-31T09:16:19.563Z] >>> [apiv2][query] GET https://api.github.com/repos/ozodbek-developer/firebase-realchat/actions/secrets/public-key type=owner
[debug] [2022-03-31T09:16:20.028Z] <<< [apiv2][status] GET https://api.github.com/repos/ozodbek-developer/firebase-realchat/actions/secrets/public-key 404
[debug] [2022-03-31T09:16:20.028Z] <<< [apiv2][body] GET https://api.github.com/repos/ozodbek-developer/firebase-realchat/actions/secrets/public-key {"message":"Not Found","documentation_url":"https://docs.github.com/rest/reference/actions#get-a-repository-public-key"}
[debug] [2022-03-31T09:16:20.412Z] >>> [apiv2][query] GET https://api.github.com/repos/ozodbek-developer/firebase-realchat/actions/secrets/public-key type=owner
[debug] [2022-03-31T09:16:20.855Z] <<< [apiv2][status] GET https://api.github.com/repos/ozodbek-developer/firebase-realchat/actions/secrets/public-key 404
[debug] [2022-03-31T09:16:20.855Z] <<< [apiv2][body] GET https://api.github.com/repos/ozodbek-developer/firebase-realchat/actions/secrets/public-key {"message":"Not Found","documentation_url":"https://docs.github.com/rest/reference/actions#get-a-repository-public-key"}
[debug] [2022-03-31T09:16:24.675Z] >>> [apiv2][query] GET https://api.github.com/repos/ozodbek-developer/firebase-realchat/actions/secrets/public-key type=owner
[debug] [2022-03-31T09:16:25.130Z] <<< [apiv2][status] GET https://api.github.com/repos/ozodbek-developer/firebase-realchat/actions/secrets/public-key 404
[debug] [2022-03-31T09:16:25.130Z] <<< [apiv2][body] GET https://api.github.com/repos/ozodbek-developer/firebase-realchat/actions/secrets/public-key {"message":"Not Found","documentation_url":"https://docs.github.com/rest/reference/actions#get-a-repository-public-key"}
[debug] [2022-03-31T09:16:29.811Z] >>> [apiv2][query] GET https://api.github.com/repos/ozodbek-developer/firebase-realchat/actions/secrets/public-key type=owner
[debug] [2022-03-31T09:16:30.312Z] >>> [apiv2][query] GET https://api.github.com/repos//actions/secrets/public-key type=owner
[debug] [2022-03-31T09:16:30.359Z] >>> [apiv2][query] GET https://api.github.com/repos//actions/secrets/public-key type=owner
[debug] [2022-03-31T09:16:30.391Z] >>> [apiv2][query] GET https://api.github.com/repos//actions/secrets/public-key type=owner
[debug] [2022-03-31T09:16:30.423Z] >>> [apiv2][query] GET https://api.github.com/repos//actions/secrets/public-key type=owner
[debug] [2022-03-31T09:16:30.735Z] <<< [apiv2][status] GET https://api.github.com/repos/ozodbek-developer/firebase-realchat/actions/secrets/public-key 404
[debug] [2022-03-31T09:16:30.735Z] <<< [apiv2][body] GET https://api.github.com/repos/ozodbek-developer/firebase-realchat/actions/secrets/public-key {"message":"Not Found","documentation_url":"https://docs.github.com/rest/reference/actions#get-a-repository-public-key"}
[debug] [2022-03-31T09:16:30.763Z] <<< [apiv2][status] GET https://api.github.com/repos//actions/secrets/public-key 404
[debug] [2022-03-31T09:16:30.763Z] <<< [apiv2][body] GET https://api.github.com/repos//actions/secrets/public-key {"message":"Not Found","documentation_url":"https://docs.github.com/rest"}
[debug] [2022-03-31T09:16:30.791Z] <<< [apiv2][status] GET https://api.github.com/repos//actions/secrets/public-key 404
[debug] [2022-03-31T09:16:30.791Z] <<< [apiv2][body] GET https://api.github.com/repos//actions/secrets/public-key {"message":"Not Found","documentation_url":"https://docs.github.com/rest"}
[debug] [2022-03-31T09:16:30.827Z] <<< [apiv2][status] GET https://api.github.com/repos//actions/secrets/public-key 404
[debug] [2022-03-31T09:16:30.828Z] <<< [apiv2][body] GET https://api.github.com/repos//actions/secrets/public-key {"message":"Not Found","documentation_url":"https://docs.github.com/rest"}
[debug] [2022-03-31T09:16:30.870Z] <<< [apiv2][status] GET https://api.github.com/repos//actions/secrets/public-key 404
[debug] [2022-03-31T09:16:30.871Z] <<< [apiv2][body] GET https://api.github.com/repos//actions/secrets/public-key {"message":"Not Found","documentation_url":"https://docs.github.com/rest"}
[debug] [2022-03-31T09:16:31.523Z] >>> [apiv2][query] GET https://api.github.com/repos/ozodbek-developer/firebase-realchat/actions/secrets/public-key type=owner
[debug] [2022-03-31T09:16:31.700Z] >>> [apiv2][query] GET https://api.github.com/repos//actions/secrets/public-key type=owner
[debug] [2022-03-31T09:16:32.113Z] <<< [apiv2][status] GET https://api.github.com/repos/ozodbek-developer/firebase-realchat/actions/secrets/public-key 404
[debug] [2022-03-31T09:16:32.113Z] <<< [apiv2][body] GET https://api.github.com/repos/ozodbek-developer/firebase-realchat/actions/secrets/public-key {"message":"Not Found","documentation_url":"https://docs.github.com/rest/reference/actions#get-a-repository-public-key"}
[debug] [2022-03-31T09:16:32.133Z] <<< [apiv2][status] GET https://api.github.com/repos//actions/secrets/public-key 404
[debug] [2022-03-31T09:16:32.133Z] <<< [apiv2][body] GET https://api.github.com/repos//actions/secrets/public-key {"message":"Not Found","documentation_url":"https://docs.github.com/rest"}
[debug] [2022-03-31T09:16:32.211Z] >>> [apiv2][query] GET https://api.github.com/repos/ozodbek-developer/firebase-realchat/actions/secrets/public-key type=owner
[debug] [2022-03-31T09:16:32.243Z] >>> [apiv2][query] GET https://api.github.com/repos//actions/secrets/public-key type=owner
[debug] [2022-03-31T09:16:32.272Z] >>> [apiv2][query] GET https://api.github.com/repos//actions/secrets/public-key type=owner
[debug] [2022-03-31T09:16:32.668Z] <<< [apiv2][status] GET https://api.github.com/repos/ozodbek-developer/firebase-realchat/actions/secrets/public-key 404
[debug] [2022-03-31T09:16:32.669Z] <<< [apiv2][body] GET https://api.github.com/repos/ozodbek-developer/firebase-realchat/actions/secrets/public-key {"message":"Not Found","documentation_url":"https://docs.github.com/rest/reference/actions#get-a-repository-public-key"}
[debug] [2022-03-31T09:16:32.682Z] <<< [apiv2][status] GET https://api.github.com/repos//actions/secrets/public-key 404
[debug] [2022-03-31T09:16:32.683Z] <<< [apiv2][body] GET https://api.github.com/repos//actions/secrets/public-key {"message":"Not Found","documentation_url":"https://docs.github.com/rest"}
[debug] [2022-03-31T09:16:32.717Z] <<< [apiv2][status] GET https://api.github.com/repos//actions/secrets/public-key 404
[debug] [2022-03-31T09:16:32.717Z] <<< [apiv2][body] GET https://api.github.com/repos//actions/secrets/public-key {"message":"Not Found","documentation_url":"https://docs.github.com/rest"}
[debug] [2022-03-31T09:16:35.379Z] >>> [apiv2][query] GET https://api.github.com/repos//actions/secrets/public-key type=owner
[debug] [2022-03-31T09:16:35.796Z] <<< [apiv2][status] GET https://api.github.com/repos//actions/secrets/public-key 404
[debug] [2022-03-31T09:16:35.796Z] <<< [apiv2][body] GET https://api.github.com/repos//actions/secrets/public-key {"message":"Not Found","documentation_url":"https://docs.github.com/rest"}
[debug] [2022-03-31T09:16:36.643Z] >>> [apiv2][query] GET https://api.github.com/repos//actions/secrets/public-key type=owner
[debug] [2022-03-31T09:16:37.093Z] <<< [apiv2][status] GET https://api.github.com/repos//actions/secrets/public-key 404
[debug] [2022-03-31T09:16:37.094Z] <<< [apiv2][body] GET https://api.github.com/repos//actions/secrets/public-key {"message":"Not Found","documentation_url":"https://docs.github.com/rest"}
[debug] [2022-03-31T09:16:38.987Z] >>> [apiv2][query] GET https://api.github.com/repos/ozodbek-developer/firebase-realchat/actions/secrets/public-key type=owner
[debug] [2022-03-31T09:16:39.428Z] <<< [apiv2][status] GET https://api.github.com/repos/ozodbek-developer/firebase-realchat/actions/secrets/public-key 404
[debug] [2022-03-31T09:16:39.428Z] <<< [apiv2][body] GET https://api.github.com/repos/ozodbek-developer/firebase-realchat/actions/secrets/public-key {"message":"Not Found","documentation_url":"https://docs.github.com/rest/reference/actions#get-a-repository-public-key"}
[debug] [2022-03-31T09:16:42.987Z] >>> [apiv2][query] GET https://api.github.com/repos/ozodbek-developer/firebase-realchat/actions/secrets/public-key type=owner
[debug] [2022-03-31T09:16:43.429Z] <<< [apiv2][status] GET https://api.github.com/repos/ozodbek-developer/firebase-realchat/actions/secrets/public-key 404
[debug] [2022-03-31T09:16:43.429Z] <<< [apiv2][body] GET https://api.github.com/repos/ozodbek-developer/firebase-realchat/actions/secrets/public-key {"message":"Not Found","documentation_url":"https://docs.github.com/rest/reference/actions#get-a-repository-public-key"}
[debug] [2022-03-31T09:16:43.587Z] >>> [apiv2][query] GET https://api.github.com/repos/ozodbek-developer/firebase-realchat/actions/secrets/public-key type=owner
[debug] [2022-03-31T09:16:44.026Z] <<< [apiv2][status] GET https://api.github.com/repos/ozodbek-developer/firebase-realchat/actions/secrets/public-key 404
[debug] [2022-03-31T09:16:44.027Z] <<< [apiv2][body] GET https://api.github.com/repos/ozodbek-developer/firebase-realchat/actions/secrets/public-key {"message":"Not Found","documentation_url":"https://docs.github.com/rest/reference/actions#get-a-repository-public-key"}
